<?xml version="1.0" encoding="UTF-8"?>
<!-- Generated by org.testng.reporters.JUnitReportReporter -->
<testsuite hostname="Pari-Laptop" failures="0" tests="5" name="com.checkprojecttest.checklogintest" time="25.517" errors="0" timestamp="8 Jan 2024 23:41:04 GMT">
  <testcase classname="com.checkprojecttest.checklogintest" name="logininvalidUserandPassword" time="3.783"/>
  <testcase classname="com.checkprojecttest.checklogintest" name="checkremberme" time="9.696"/>
  <testcase classname="com.checkprojecttest.checklogintest" name="forgetpasswordwithrememberme" time="4.076"/>
  <testcase classname="com.checkprojecttest.checklogintest" name="loginErrormessage" time="3.135"/>
  <testcase classname="com.checkprojecttest.checklogintest" name="login" time="4.827"/>
</testsuite> <!-- com.checkprojecttest.checklogintest -->
